<configuration>
    <appender name="ConsoleAppender" class="ch.qos.logback.core.ConsoleAppender">
        <encoder>
            <pattern>%d{HH:mm:ss.SSS} [%thread] %-5level %logger{36} - %msg%n</pattern>
        </encoder>
    </appender>

    <appender name="FileAppender" class="ch.qos.logback.core.FileAppender">
        <append>false</append>
        <file>../../billiongoods.log</file>

        <encoder>
            <pattern>%d{HH:mm:ss.SSS} [%thread] %-5level %logger{35} - %msg%n</pattern>
        </encoder>
    </appender>

    <logger name="billiongoods" level="INFO" additivity="false">
        <appender-ref ref="ConsoleAppender"/>
    </logger>

    <root level="WARN">
        <appender-ref ref="FileAppender"/>
        <appender-ref ref="ConsoleAppender"/>
    </root>
</configuration>